TN:
SF:D:\Workarea\iotaeco\iota-pico-core\src\index.ts
FNF:0
FNH:0
LF:0
LH:0
BRF:0
BRH:0
end_of_record
TN:
SF:D:\Workarea\iotaeco\iota-pico-core\src\error\coreError.ts
FN:23,(anonymous_0)
FN:34,(anonymous_1)
FN:41,(anonymous_2)
FN:49,(anonymous_3)
FNF:4
FNH:4
FNDA:17,(anonymous_0)
FNDA:13,(anonymous_1)
FNDA:9,(anonymous_2)
FNDA:4,(anonymous_3)
DA:1,1
DA:6,1
DA:24,17
DA:25,17
DA:26,17
DA:35,13
DA:42,9
DA:44,9
DA:45,9
DA:46,2
DA:47,1
DA:49,2
DA:50,4
DA:54,9
LF:14
LH:14
BRDA:25,0,0,3
BRDA:25,0,1,14
BRDA:35,1,0,13
BRDA:35,1,1,13
BRDA:35,1,2,13
BRDA:35,1,3,10
BRDA:35,1,4,9
BRDA:42,2,0,9
BRDA:42,2,1,1
BRDA:45,3,0,2
BRDA:45,3,1,7
BRDA:46,4,0,1
BRDA:46,4,1,1
BRF:13
BRH:13
end_of_record
TN:
SF:D:\Workarea\iotaeco\iota-pico-core\src\factories\factoryBase.ts
FN:5,(anonymous_0)
FN:14,(anonymous_1)
FN:22,(anonymous_2)
FN:31,(anonymous_3)
FN:41,(anonymous_4)
FNF:5
FNH:5
FNDA:2,(anonymous_0)
FNDA:7,(anonymous_1)
FNDA:4,(anonymous_2)
FNDA:8,(anonymous_3)
FNDA:4,(anonymous_4)
DA:5,1
DA:7,2
DA:15,7
DA:23,4
DA:32,8
DA:42,4
DA:43,4
DA:44,3
DA:46,1
LF:9
LH:9
BRDA:43,0,0,3
BRDA:43,0,1,1
BRF:2
BRH:2
end_of_record
TN:
SF:D:\Workarea\iotaeco\iota-pico-core\src\factories\networkClientFactory.ts
FN:15,(anonymous_0)
FN:23,(anonymous_1)
FN:31,(anonymous_2)
FNF:3
FNH:3
FNDA:1,(anonymous_0)
FNDA:4,(anonymous_1)
FNDA:2,(anonymous_2)
DA:2,1
DA:7,1
DA:16,1
DA:24,4
DA:25,1
DA:27,4
DA:32,2
LF:7
LH:7
BRDA:24,0,0,1
BRDA:24,0,1,3
BRF:2
BRH:2
end_of_record
TN:
SF:D:\Workarea\iotaeco\iota-pico-core\src\helpers\arrayHelper.ts
FN:12,(anonymous_0)
FN:22,(anonymous_1)
FN:32,(anonymous_2)
FN:36,(anonymous_3)
FNF:4
FNH:4
FNDA:62,(anonymous_0)
FNDA:23,(anonymous_1)
FNDA:6,(anonymous_2)
FNDA:5,(anonymous_3)
DA:1,1
DA:6,1
DA:13,62
DA:23,23
DA:33,6
DA:36,5
LF:6
LH:6
BRDA:14,0,0,5
BRDA:14,0,1,57
BRDA:13,1,0,62
BRDA:13,1,1,59
BRDA:23,2,0,23
BRDA:23,2,1,23
BRDA:33,3,0,6
BRDA:33,3,1,5
BRDA:33,3,2,3
BRDA:33,3,3,3
BRF:10
BRH:10
end_of_record
TN:
SF:D:\Workarea\iotaeco\iota-pico-core\src\helpers\errorHelper.ts
FN:16,(anonymous_0)
FNF:1
FNH:1
FNDA:15,(anonymous_0)
DA:1,1
DA:2,1
DA:3,1
DA:4,1
DA:9,1
DA:17,15
DA:18,2
DA:19,13
DA:20,6
DA:21,6
DA:22,2
DA:23,2
DA:24,2
DA:25,2
DA:28,6
DA:29,3
DA:30,1
DA:31,1
DA:32,1
DA:34,2
DA:38,6
DA:39,7
DA:40,3
DA:41,3
DA:42,2
DA:44,1
DA:46,3
DA:48,4
DA:49,1
DA:51,3
LF:30
LH:30
BRDA:17,0,0,2
BRDA:17,0,1,13
BRDA:17,1,0,15
BRDA:17,1,1,14
BRDA:19,2,0,6
BRDA:19,2,1,7
BRDA:21,3,0,2
BRDA:21,3,1,4
BRDA:21,4,0,6
BRDA:21,4,1,4
BRDA:28,5,0,3
BRDA:28,5,1,3
BRDA:29,6,0,1
BRDA:29,6,1,2
BRDA:29,7,0,3
BRDA:29,7,1,2
BRDA:39,8,0,3
BRDA:39,8,1,4
BRDA:41,9,0,2
BRDA:41,9,1,1
BRDA:41,10,0,3
BRDA:41,10,1,2
BRDA:48,11,0,1
BRDA:48,11,1,3
BRF:24
BRH:24
end_of_record
TN:
SF:D:\Workarea\iotaeco\iota-pico-core\src\helpers\jsonHelper.ts
FN:12,(anonymous_0)
FN:16,(anonymous_1)
FNF:2
FNH:2
FNDA:16,(anonymous_0)
FNDA:29,(anonymous_1)
DA:4,1
DA:14,16
DA:16,16
DA:17,29
DA:18,8
DA:20,3
DA:22,5
DA:26,26
DA:29,16
LF:9
LH:9
BRDA:17,0,0,8
BRDA:17,0,1,21
BRDA:17,1,0,29
BRDA:17,1,1,9
BRDA:17,1,2,8
BRDA:18,2,0,3
BRDA:18,2,1,5
BRDA:26,3,0,3
BRDA:26,3,1,23
BRF:9
BRH:9
end_of_record
TN:
SF:D:\Workarea\iotaeco\iota-pico-core\src\helpers\numberHelper.ts
FN:10,(anonymous_0)
FNF:1
FNH:1
FNDA:13,(anonymous_0)
DA:4,1
DA:11,13
LF:2
LH:2
BRDA:11,0,0,13
BRDA:11,0,1,13
BRDA:11,0,2,13
BRF:3
BRH:3
end_of_record
TN:
SF:D:\Workarea\iotaeco\iota-pico-core\src\helpers\objectHelper.ts
FN:10,(anonymous_0)
FN:19,(anonymous_1)
FN:30,(anonymous_2)
FN:40,(anonymous_3)
FNF:4
FNH:4
FNDA:51,(anonymous_0)
FNDA:38,(anonymous_1)
FNDA:10,(anonymous_2)
FNDA:28,(anonymous_3)
DA:4,1
DA:11,51
DA:20,38
DA:31,10
DA:32,10
DA:41,28
DA:42,4
DA:44,24
DA:45,24
DA:46,24
LF:10
LH:10
BRDA:11,0,0,51
BRDA:11,0,1,48
BRDA:21,1,0,5
BRDA:21,1,1,33
BRDA:20,2,0,38
BRDA:20,2,1,35
BRDA:21,3,0,33
BRDA:21,3,1,10
BRDA:32,4,0,10
BRDA:32,4,1,8
BRDA:41,5,0,4
BRDA:41,5,1,24
BRDA:41,6,0,28
BRDA:41,6,1,26
BRDA:44,7,0,9
BRDA:44,7,1,15
BRDA:46,8,0,23
BRDA:46,8,1,1
BRDA:46,9,0,24
BRDA:46,9,1,24
BRF:20
BRH:20
end_of_record
TN:
SF:D:\Workarea\iotaeco\iota-pico-core\src\helpers\stringHelper.ts
FN:10,(anonymous_0)
FN:20,(anonymous_1)
FN:29,(anonymous_2)
FN:39,(anonymous_3)
FN:40,(anonymous_4)
FN:48,(anonymous_5)
FN:49,(anonymous_6)
FNF:7
FNH:7
FNDA:93,(anonymous_0)
FNDA:32,(anonymous_1)
FNDA:4,(anonymous_2)
FNDA:4,(anonymous_3)
FNDA:3,(anonymous_4)
FNDA:4,(anonymous_5)
FNDA:3,(anonymous_6)
DA:4,1
DA:11,93
DA:21,32
DA:30,4
DA:40,4
DA:49,4
LF:6
LH:6
BRDA:12,0,0,8
BRDA:12,0,1,85
BRDA:11,1,0,93
BRDA:11,1,1,89
BRDA:21,2,0,32
BRDA:21,2,1,32
BRDA:31,3,0,2
BRDA:31,3,1,2
BRDA:30,4,0,4
BRDA:30,4,1,3
BRDA:40,5,0,2
BRDA:40,5,1,2
BRDA:49,6,0,2
BRDA:49,6,1,2
BRF:14
BRH:14
end_of_record
TN:
SF:D:\Workarea\iotaeco\iota-pico-core\src\interfaces\IBackgroundTaskService.ts
FNF:0
FNH:0
LF:0
LH:0
BRF:0
BRH:0
end_of_record
TN:
SF:D:\Workarea\iotaeco\iota-pico-core\src\interfaces\ILogger.ts
FNF:0
FNH:0
LF:0
LH:0
BRF:0
BRH:0
end_of_record
TN:
SF:D:\Workarea\iotaeco\iota-pico-core\src\interfaces\INetworkClient.ts
FNF:0
FNH:0
LF:0
LH:0
BRF:0
BRH:0
end_of_record
TN:
SF:D:\Workarea\iotaeco\iota-pico-core\src\interfaces\INetworkEndPoint.ts
FNF:0
FNH:0
LF:0
LH:0
BRF:0
BRH:0
end_of_record
TN:
SF:D:\Workarea\iotaeco\iota-pico-core\src\interfaces\ITimeService.ts
FNF:0
FNH:0
LF:0
LH:0
BRF:0
BRH:0
end_of_record
TN:
SF:D:\Workarea\iotaeco\iota-pico-core\src\interfaces\networkProtocol.ts
FNF:0
FNH:0
LF:0
LH:0
BRF:0
BRH:0
end_of_record
TN:
SF:D:\Workarea\iotaeco\iota-pico-core\src\loggers\consoleLogger.ts
FN:18,(anonymous_0)
FN:27,(anonymous_1)
FN:39,(anonymous_2)
FN:49,(anonymous_3)
FN:59,(anonymous_4)
FN:70,(anonymous_5)
FN:74,(anonymous_6)
FN:82,(anonymous_7)
FN:86,(anonymous_8)
FN:97,(anonymous_9)
FN:106,(anonymous_10)
FN:118,(anonymous_11)
FNF:12
FNH:12
FNDA:16,(anonymous_0)
FNDA:1,(anonymous_1)
FNDA:9,(anonymous_2)
FNDA:1,(anonymous_3)
FNDA:1,(anonymous_4)
FNDA:2,(anonymous_5)
FNDA:13,(anonymous_6)
FNDA:14,(anonymous_7)
FNDA:9,(anonymous_8)
FNDA:30,(anonymous_9)
FNDA:11,(anonymous_10)
FNDA:10,(anonymous_11)
DA:1,1
DA:2,1
DA:3,1
DA:4,1
DA:11,1
DA:19,16
DA:28,1
DA:29,1
DA:30,1
DA:31,1
DA:40,9
DA:41,9
DA:50,1
DA:51,1
DA:60,1
DA:61,1
DA:71,2
DA:72,2
DA:73,1
DA:74,1
DA:75,13
DA:78,2
DA:83,14
DA:84,8
DA:85,8
DA:86,8
DA:87,9
DA:88,9
DA:89,1
DA:92,8
DA:98,30
DA:99,30
DA:100,3
DA:101,3
DA:102,1
DA:104,2
DA:106,3
DA:107,11
DA:109,3
DA:110,27
DA:111,5
DA:112,5
DA:113,3
DA:115,2
DA:117,5
DA:118,5
DA:119,10
DA:121,5
DA:123,22
DA:124,16
DA:126,6
DA:129,30
LF:52
LH:52
BRDA:19,0,0,16
BRDA:19,0,1,1
BRDA:72,1,0,1
BRDA:72,1,1,1
BRDA:83,2,0,8
BRDA:83,2,1,6
BRDA:88,3,0,1
BRDA:88,3,1,8
BRDA:97,4,0,9
BRDA:99,5,0,3
BRDA:99,5,1,27
BRDA:101,6,0,1
BRDA:101,6,1,2
BRDA:107,7,0,8
BRDA:107,7,1,3
BRDA:110,8,0,5
BRDA:110,8,1,22
BRDA:112,9,0,3
BRDA:112,9,1,2
BRDA:119,10,0,5
BRDA:119,10,1,5
BRDA:123,11,0,16
BRDA:123,11,1,6
BRDA:124,12,0,2
BRDA:124,12,1,14
BRDA:126,13,0,1
BRDA:126,13,1,5
BRF:27
BRH:27
end_of_record
TN:
SF:D:\Workarea\iotaeco\iota-pico-core\src\loggers\nullLogger.ts
FN:12,(anonymous_0)
FN:20,(anonymous_1)
FN:28,(anonymous_2)
FN:36,(anonymous_3)
FN:45,(anonymous_4)
FNF:5
FNH:5
FNDA:1,(anonymous_0)
FNDA:1,(anonymous_1)
FNDA:1,(anonymous_2)
FNDA:1,(anonymous_3)
FNDA:1,(anonymous_4)
DA:6,1
LF:1
LH:1
BRF:0
BRH:0
end_of_record
TN:
SF:D:\Workarea\iotaeco\iota-pico-core\src\network\networkEndPoint.ts
FN:28,(anonymous_0)
FN:51,(anonymous_1)
FN:59,(anonymous_2)
FN:67,(anonymous_3)
FN:75,(anonymous_4)
FN:83,(anonymous_5)
FNF:6
FNH:6
FNDA:16,(anonymous_0)
FNDA:1,(anonymous_1)
FNDA:2,(anonymous_2)
FNDA:3,(anonymous_3)
FNDA:1,(anonymous_4)
FNDA:3,(anonymous_5)
DA:1,1
DA:2,1
DA:3,1
DA:4,1
DA:11,1
DA:29,16
DA:30,2
DA:32,14
DA:33,1
DA:35,13
DA:36,1
DA:38,12
DA:39,1
DA:41,11
DA:42,11
DA:43,11
DA:44,11
DA:52,1
DA:60,2
DA:68,3
DA:76,1
DA:84,3
LF:22
LH:22
BRDA:29,0,0,2
BRDA:29,0,1,14
BRDA:29,1,0,16
BRDA:29,1,1,15
BRDA:32,2,0,1
BRDA:32,2,1,13
BRDA:35,3,0,1
BRDA:35,3,1,12
BRDA:35,4,0,13
BRDA:35,4,1,13
BRDA:38,5,0,1
BRDA:38,5,1,11
BRDA:38,6,0,12
BRDA:38,6,1,10
BRDA:44,7,0,11
BRDA:44,7,1,2
BRF:16
BRH:16
end_of_record
TN:
SF:D:\Workarea\iotaeco\iota-pico-core\src\services\backgroundTaskService.ts
FN:12,(anonymous_0)
FN:13,(anonymous_1)
FN:14,(anonymous_2)
FNF:3
FNH:3
FNDA:2,(anonymous_0)
FNDA:2,(anonymous_1)
FNDA:2,(anonymous_2)
DA:6,1
DA:13,2
DA:14,2
DA:15,2
DA:16,2
DA:18,1
LF:6
LH:6
BRF:0
BRH:0
end_of_record
TN:
SF:D:\Workarea\iotaeco\iota-pico-core\src\services\timeService.ts
FN:11,(anonymous_0)
FNF:1
FNH:1
FNDA:1,(anonymous_0)
DA:6,1
DA:12,1
LF:2
LH:2
BRF:0
BRH:0
end_of_record
