TN:
SF:D:\Workarea\iota-pico\core\src\index.ts
FNF:0
FNH:0
LF:0
LH:0
BRF:0
BRH:0
end_of_record
TN:
SF:D:\Workarea\iota-pico\core\src\error\coreError.ts
FN:29,(anonymous_0)
FN:41,(anonymous_1)
FN:49,(anonymous_2)
FN:64,(anonymous_3)
FNF:4
FNH:4
FNDA:19,(anonymous_0)
FNDA:13,(anonymous_1)
FNDA:9,(anonymous_2)
FNDA:4,(anonymous_3)
DA:1,1
DA:2,1
DA:7,1
DA:30,19
DA:31,19
DA:32,19
DA:33,19
DA:42,13
DA:50,9
DA:52,9
DA:53,8
DA:55,9
DA:56,8
DA:59,9
DA:60,9
DA:61,2
DA:62,1
DA:64,2
DA:65,4
DA:69,9
LF:20
LH:20
BRDA:31,0,0,3
BRDA:31,0,1,16
BRDA:42,1,0,13
BRDA:42,1,1,13
BRDA:42,1,2,13
BRDA:42,1,3,10
BRDA:42,1,4,9
BRDA:52,2,0,8
BRDA:52,2,1,1
BRDA:55,3,0,8
BRDA:55,3,1,1
BRDA:60,4,0,2
BRDA:60,4,1,7
BRDA:61,5,0,1
BRDA:61,5,1,1
BRF:15
BRH:15
end_of_record
TN:
SF:D:\Workarea\iota-pico\core\src\error\networkError.ts
FN:13,(anonymous_0)
FNF:1
FNH:1
FNDA:6,(anonymous_0)
DA:1,1
DA:6,1
DA:14,6
DA:15,6
LF:4
LH:4
BRF:0
BRH:0
end_of_record
TN:
SF:D:\Workarea\iota-pico\core\src\error\platformError.ts
FN:13,(anonymous_0)
FNF:1
FNH:1
FNDA:1,(anonymous_0)
DA:1,1
DA:6,1
DA:14,1
DA:15,1
LF:4
LH:4
BRF:0
BRH:0
end_of_record
TN:
SF:D:\Workarea\iota-pico\core\src\factories\factoryBase.ts
FN:5,(anonymous_0)
FN:14,(anonymous_1)
FN:22,(anonymous_2)
FN:31,(anonymous_3)
FN:40,(anonymous_4)
FN:50,(anonymous_5)
FNF:6
FNH:6
FNDA:13,(anonymous_0)
FNDA:10,(anonymous_1)
FNDA:4,(anonymous_2)
FNDA:8,(anonymous_3)
FNDA:2,(anonymous_4)
FNDA:6,(anonymous_5)
DA:5,1
DA:7,13
DA:15,10
DA:23,4
DA:32,8
DA:41,2
DA:51,6
DA:52,6
DA:53,5
DA:55,1
LF:10
LH:10
BRDA:52,0,0,5
BRDA:52,0,1,1
BRF:2
BRH:2
end_of_record
TN:
SF:D:\Workarea\iota-pico\core\src\factories\networkClientFactory.ts
FN:15,(anonymous_0)
FN:23,(anonymous_1)
FN:31,(anonymous_2)
FNF:3
FNH:3
FNDA:1,(anonymous_0)
FNDA:4,(anonymous_1)
FNDA:2,(anonymous_2)
DA:2,1
DA:7,1
DA:16,1
DA:24,4
DA:25,1
DA:27,4
DA:32,2
LF:7
LH:7
BRDA:24,0,0,1
BRDA:24,0,1,3
BRF:2
BRH:2
end_of_record
TN:
SF:D:\Workarea\iota-pico\core\src\factories\platformCryptoFactory.ts
FN:15,(anonymous_0)
FN:23,(anonymous_1)
FN:31,(anonymous_2)
FNF:3
FNH:3
FNDA:1,(anonymous_0)
FNDA:4,(anonymous_1)
FNDA:2,(anonymous_2)
DA:2,1
DA:7,1
DA:16,1
DA:24,4
DA:25,1
DA:27,4
DA:32,2
LF:7
LH:7
BRDA:24,0,0,1
BRDA:24,0,1,3
BRF:2
BRH:2
end_of_record
TN:
SF:D:\Workarea\iota-pico\core\src\factories\rngServiceFactory.ts
FN:15,(anonymous_0)
FN:23,(anonymous_1)
FN:31,(anonymous_2)
FNF:3
FNH:3
FNDA:1,(anonymous_0)
FNDA:4,(anonymous_1)
FNDA:2,(anonymous_2)
DA:2,1
DA:7,1
DA:16,1
DA:24,4
DA:25,1
DA:27,4
DA:32,2
LF:7
LH:7
BRDA:24,0,0,1
BRDA:24,0,1,3
BRF:2
BRH:2
end_of_record
TN:
SF:D:\Workarea\iota-pico\core\src\helpers\arrayHelper.ts
FN:12,(anonymous_0)
FN:22,(anonymous_1)
FN:32,(anonymous_2)
FN:36,(anonymous_3)
FNF:4
FNH:4
FNDA:73,(anonymous_0)
FNDA:24,(anonymous_1)
FNDA:6,(anonymous_2)
FNDA:5,(anonymous_3)
DA:1,1
DA:6,1
DA:13,73
DA:23,24
DA:33,6
DA:36,5
LF:6
LH:6
BRDA:14,0,0,6
BRDA:14,0,1,67
BRDA:13,1,0,73
BRDA:13,1,1,69
BRDA:23,2,0,24
BRDA:23,2,1,24
BRDA:33,3,0,6
BRDA:33,3,1,5
BRDA:33,3,2,3
BRDA:33,3,3,3
BRF:10
BRH:10
end_of_record
TN:
SF:D:\Workarea\iota-pico\core\src\helpers\errorHelper.ts
FN:16,(anonymous_0)
FNF:1
FNH:1
FNDA:15,(anonymous_0)
DA:1,1
DA:2,1
DA:3,1
DA:4,1
DA:9,1
DA:17,15
DA:18,2
DA:19,13
DA:20,6
DA:21,6
DA:22,2
DA:23,2
DA:24,2
DA:25,2
DA:28,6
DA:29,3
DA:30,1
DA:31,1
DA:32,1
DA:34,2
DA:38,6
DA:39,7
DA:40,3
DA:41,3
DA:42,2
DA:44,1
DA:46,3
DA:48,4
DA:49,1
DA:51,3
LF:30
LH:30
BRDA:17,0,0,2
BRDA:17,0,1,13
BRDA:17,1,0,15
BRDA:17,1,1,14
BRDA:19,2,0,6
BRDA:19,2,1,7
BRDA:21,3,0,2
BRDA:21,3,1,4
BRDA:21,4,0,6
BRDA:21,4,1,4
BRDA:28,5,0,3
BRDA:28,5,1,3
BRDA:29,6,0,1
BRDA:29,6,1,2
BRDA:29,7,0,3
BRDA:29,7,1,2
BRDA:39,8,0,3
BRDA:39,8,1,4
BRDA:41,9,0,2
BRDA:41,9,1,1
BRDA:41,10,0,3
BRDA:41,10,1,2
BRDA:48,11,0,1
BRDA:48,11,1,3
BRF:24
BRH:24
end_of_record
TN:
SF:D:\Workarea\iota-pico\core\src\helpers\jsonHelper.ts
FN:12,(anonymous_0)
FN:16,(anonymous_1)
FNF:2
FNH:2
FNDA:16,(anonymous_0)
FNDA:29,(anonymous_1)
DA:4,1
DA:14,16
DA:16,16
DA:17,29
DA:18,8
DA:20,3
DA:22,5
DA:26,26
DA:29,16
LF:9
LH:9
BRDA:17,0,0,8
BRDA:17,0,1,21
BRDA:17,1,0,29
BRDA:17,1,1,9
BRDA:17,1,2,8
BRDA:18,2,0,3
BRDA:18,2,1,5
BRDA:26,3,0,3
BRDA:26,3,1,23
BRF:9
BRH:9
end_of_record
TN:
SF:D:\Workarea\iota-pico\core\src\helpers\numberHelper.ts
FN:10,(anonymous_0)
FN:19,(anonymous_1)
FN:28,(anonymous_2)
FN:37,(anonymous_3)
FNF:4
FNH:4
FNDA:24,(anonymous_0)
FNDA:11,(anonymous_1)
FNDA:10,(anonymous_2)
FNDA:11,(anonymous_3)
DA:4,1
DA:11,24
DA:20,11
DA:29,10
DA:38,11
LF:5
LH:5
BRDA:11,0,0,24
BRDA:11,0,1,14
BRDA:11,0,2,14
BRDA:20,1,0,11
BRDA:20,1,1,10
BRDA:20,1,2,9
BRDA:20,1,3,4
BRDA:20,1,4,3
BRF:8
BRH:8
end_of_record
TN:
SF:D:\Workarea\iota-pico\core\src\helpers\objectHelper.ts
FN:10,(anonymous_0)
FN:19,(anonymous_1)
FN:30,(anonymous_2)
FN:40,(anonymous_3)
FNF:4
FNH:4
FNDA:57,(anonymous_0)
FNDA:47,(anonymous_1)
FNDA:10,(anonymous_2)
FNDA:28,(anonymous_3)
DA:4,1
DA:11,57
DA:20,47
DA:31,10
DA:32,10
DA:41,28
DA:42,4
DA:44,24
DA:45,24
DA:46,24
LF:10
LH:10
BRDA:11,0,0,57
BRDA:11,0,1,53
BRDA:21,1,0,6
BRDA:21,1,1,41
BRDA:20,2,0,47
BRDA:20,2,1,43
BRDA:21,3,0,41
BRDA:21,3,1,13
BRDA:32,4,0,10
BRDA:32,4,1,8
BRDA:41,5,0,4
BRDA:41,5,1,24
BRDA:41,6,0,28
BRDA:41,6,1,26
BRDA:44,7,0,9
BRDA:44,7,1,15
BRDA:46,8,0,23
BRDA:46,8,1,1
BRDA:46,9,0,24
BRDA:46,9,1,24
BRF:20
BRH:20
end_of_record
TN:
SF:D:\Workarea\iota-pico\core\src\helpers\stringHelper.ts
FN:10,(anonymous_0)
FN:20,(anonymous_1)
FN:29,(anonymous_2)
FN:39,(anonymous_3)
FN:40,(anonymous_4)
FN:48,(anonymous_5)
FN:49,(anonymous_6)
FNF:7
FNH:7
FNDA:122,(anonymous_0)
FNDA:59,(anonymous_1)
FNDA:5,(anonymous_2)
FNDA:5,(anonymous_3)
FNDA:4,(anonymous_4)
FNDA:5,(anonymous_5)
FNDA:4,(anonymous_6)
DA:4,1
DA:11,122
DA:21,59
DA:30,5
DA:40,5
DA:49,5
LF:6
LH:6
BRDA:12,0,0,9
BRDA:12,0,1,113
BRDA:11,1,0,122
BRDA:11,1,1,118
BRDA:21,2,0,59
BRDA:21,2,1,58
BRDA:31,3,0,2
BRDA:31,3,1,3
BRDA:30,4,0,5
BRDA:30,4,1,4
BRDA:40,5,0,3
BRDA:40,5,1,2
BRDA:49,6,0,3
BRDA:49,6,1,2
BRF:14
BRH:14
end_of_record
TN:
SF:D:\Workarea\iota-pico\core\src\interfaces\IBackgroundTaskService.ts
FNF:0
FNH:0
LF:0
LH:0
BRF:0
BRH:0
end_of_record
TN:
SF:D:\Workarea\iota-pico\core\src\interfaces\ILogger.ts
FNF:0
FNH:0
LF:0
LH:0
BRF:0
BRH:0
end_of_record
TN:
SF:D:\Workarea\iota-pico\core\src\interfaces\INetworkClient.ts
FNF:0
FNH:0
LF:0
LH:0
BRF:0
BRH:0
end_of_record
TN:
SF:D:\Workarea\iota-pico\core\src\interfaces\INetworkEndPoint.ts
FNF:0
FNH:0
LF:0
LH:0
BRF:0
BRH:0
end_of_record
TN:
SF:D:\Workarea\iota-pico\core\src\interfaces\IPlatformCrypto.ts
FNF:0
FNH:0
LF:0
LH:0
BRF:0
BRH:0
end_of_record
TN:
SF:D:\Workarea\iota-pico\core\src\interfaces\IRngService.ts
FNF:0
FNH:0
LF:0
LH:0
BRF:0
BRH:0
end_of_record
TN:
SF:D:\Workarea\iota-pico\core\src\interfaces\ITimeService.ts
FNF:0
FNH:0
LF:0
LH:0
BRF:0
BRH:0
end_of_record
TN:
SF:D:\Workarea\iota-pico\core\src\interfaces\networkProtocol.ts
FNF:0
FNH:0
LF:0
LH:0
BRF:0
BRH:0
end_of_record
TN:
SF:D:\Workarea\iota-pico\core\src\loggers\consoleLogger.ts
FN:20,(anonymous_0)
FN:29,(anonymous_1)
FN:41,(anonymous_2)
FN:51,(anonymous_3)
FN:61,(anonymous_4)
FN:72,(anonymous_5)
FN:76,(anonymous_6)
FN:84,(anonymous_7)
FN:88,(anonymous_8)
FN:99,(anonymous_9)
FN:108,(anonymous_10)
FN:123,(anonymous_11)
FNF:12
FNH:12
FNDA:17,(anonymous_0)
FNDA:1,(anonymous_1)
FNDA:10,(anonymous_2)
FNDA:1,(anonymous_3)
FNDA:1,(anonymous_4)
FNDA:2,(anonymous_5)
FNDA:13,(anonymous_6)
FNDA:15,(anonymous_7)
FNDA:10,(anonymous_8)
FNDA:40,(anonymous_9)
FNDA:15,(anonymous_10)
FNDA:14,(anonymous_11)
DA:1,1
DA:2,1
DA:3,1
DA:4,1
DA:11,1
DA:21,17
DA:30,1
DA:31,1
DA:32,1
DA:33,1
DA:42,10
DA:43,10
DA:52,1
DA:53,1
DA:62,1
DA:63,1
DA:73,2
DA:74,2
DA:75,1
DA:76,1
DA:77,13
DA:80,2
DA:85,15
DA:86,9
DA:87,9
DA:88,9
DA:89,10
DA:90,10
DA:91,1
DA:94,9
DA:100,40
DA:101,40
DA:102,4
DA:103,4
DA:104,1
DA:106,3
DA:108,4
DA:109,15
DA:111,4
DA:112,36
DA:113,8
DA:115,8
DA:116,7
DA:117,7
DA:118,4
DA:120,3
DA:122,7
DA:123,7
DA:124,14
DA:126,7
DA:128,1
DA:131,28
DA:132,20
DA:134,8
DA:137,40
LF:55
LH:55
BRDA:21,0,0,17
BRDA:21,0,1,1
BRDA:74,1,0,1
BRDA:74,1,1,1
BRDA:85,2,0,9
BRDA:85,2,1,6
BRDA:90,3,0,1
BRDA:90,3,1,9
BRDA:99,4,0,10
BRDA:101,5,0,4
BRDA:101,5,1,36
BRDA:103,6,0,1
BRDA:103,6,1,3
BRDA:109,7,0,11
BRDA:109,7,1,4
BRDA:112,8,0,8
BRDA:112,8,1,28
BRDA:115,9,0,7
BRDA:115,9,1,1
BRDA:117,10,0,4
BRDA:117,10,1,3
BRDA:124,11,0,7
BRDA:124,11,1,7
BRDA:131,12,0,20
BRDA:131,12,1,8
BRDA:132,13,0,2
BRDA:132,13,1,18
BRDA:134,14,0,2
BRDA:134,14,1,6
BRF:29
BRH:29
end_of_record
TN:
SF:D:\Workarea\iota-pico\core\src\loggers\nullLogger.ts
FN:12,(anonymous_0)
FN:20,(anonymous_1)
FN:28,(anonymous_2)
FN:36,(anonymous_3)
FN:45,(anonymous_4)
FNF:5
FNH:5
FNDA:1,(anonymous_0)
FNDA:1,(anonymous_1)
FNDA:1,(anonymous_2)
FNDA:1,(anonymous_3)
FNDA:1,(anonymous_4)
DA:6,1
LF:1
LH:1
BRF:0
BRH:0
end_of_record
TN:
SF:D:\Workarea\iota-pico\core\src\network\networkEndPoint.ts
FN:28,(anonymous_0)
FN:51,(anonymous_1)
FN:59,(anonymous_2)
FN:67,(anonymous_3)
FN:75,(anonymous_4)
FN:83,(anonymous_5)
FNF:6
FNH:6
FNDA:16,(anonymous_0)
FNDA:1,(anonymous_1)
FNDA:2,(anonymous_2)
FNDA:3,(anonymous_3)
FNDA:1,(anonymous_4)
FNDA:3,(anonymous_5)
DA:1,1
DA:2,1
DA:3,1
DA:4,1
DA:11,1
DA:29,16
DA:30,2
DA:32,14
DA:33,1
DA:35,13
DA:36,1
DA:38,12
DA:39,1
DA:41,11
DA:42,11
DA:43,11
DA:44,11
DA:52,1
DA:60,2
DA:68,3
DA:76,1
DA:84,3
DA:86,3
DA:87,2
DA:90,3
LF:25
LH:25
BRDA:29,0,0,2
BRDA:29,0,1,14
BRDA:29,1,0,16
BRDA:29,1,1,15
BRDA:32,2,0,1
BRDA:32,2,1,13
BRDA:35,3,0,1
BRDA:35,3,1,12
BRDA:35,4,0,13
BRDA:35,4,1,13
BRDA:38,5,0,1
BRDA:38,5,1,11
BRDA:38,6,0,12
BRDA:38,6,1,10
BRDA:44,7,0,11
BRDA:44,7,1,2
BRDA:86,8,0,2
BRDA:86,8,1,1
BRF:18
BRH:18
end_of_record
TN:
SF:D:\Workarea\iota-pico\core\src\services\backgroundTaskService.ts
FN:13,(anonymous_0)
FN:14,(anonymous_1)
FN:15,(anonymous_2)
FNF:3
FNH:3
FNDA:2,(anonymous_0)
FNDA:2,(anonymous_1)
FNDA:2,(anonymous_2)
DA:6,1
DA:14,2
DA:15,2
DA:16,2
DA:17,2
DA:19,1
LF:6
LH:6
BRF:0
BRH:0
end_of_record
TN:
SF:D:\Workarea\iota-pico\core\src\services\timeService.ts
FN:11,(anonymous_0)
FNF:1
FNH:1
FNDA:1,(anonymous_0)
DA:6,1
DA:12,1
LF:2
LH:2
BRF:0
BRH:0
end_of_record
